#
# There is insufficient memory for the Java Runtime Environment to continue.
# Native memory allocation (malloc) failed to allocate 82837504 bytes for committing reserved memory.
# Possible reasons:
#   The system is out of physical RAM or swap space
#   In 32 bit mode, the process size limit was hit
# Possible solutions:
#   Reduce memory load on the system
#   Increase physical memory or swap space
#   Check if swap backing store is full
#   Use 64 bit Java on a 64 bit OS
#   Decrease Java heap size (-Xmx/-Xms)
#   Decrease number of Java threads
#   Decrease Java thread stack sizes (-Xss)
#   Set larger code cache with -XX:ReservedCodeCacheSize=
# This output file may be truncated or incomplete.
#
#  Out of Memory Error (os_linux.cpp:2798), pid=18121, tid=140725663508224
#
# JRE version: OpenJDK Runtime Environment (7.0_65-b32) (build 1.7.0_65-b32)
# Java VM: OpenJDK 64-Bit Server VM (24.65-b04 mixed mode linux-amd64 compressed oops)
# Derivative: IcedTea 2.5.2
# Distribution: Custom build (Mon Sep 15 19:52:20 UTC 2014)
# Failed to write core dump. Core dumps have been disabled. To enable core dumping, try "ulimit -c unlimited" before starting Java again
#

---------------  T H R E A D  ---------------

Current thread (0x00007ffd641c4800):  VMThread [stack: 0x00007ffd3f1f2000,0x00007ffd3f2f3000] [id=18141]

Stack: [0x00007ffd3f1f2000,0x00007ffd3f2f3000],  sp=0x00007ffd3f2f14e0,  free space=1021k
Native frames: (J=compiled Java code, j=interpreted, Vv=VM code, C=native code)
V  [libjvm.so+0x97b736]
V  [libjvm.so+0x48c2b2]
V  [libjvm.so+0x7ef5ab]
V  [libjvm.so+0x7e9d2e]
V  [libjvm.so+0x85baab]
V  [libjvm.so+0x85c963]
V  [libjvm.so+0x85d07b]
V  [libjvm.so+0x858a89]
V  [libjvm.so+0x859268]
V  [libjvm.so+0x811133]
V  [libjvm.so+0x97d002]
V  [libjvm.so+0x981877]
V  [libjvm.so+0x97fe6b]
V  [libjvm.so+0x980516]
V  [libjvm.so+0x9809e1]
V  [libjvm.so+0x7ec2b2]

VM_Operation (0x00007ffd6e3c52a0): ParallelGCFailedAllocation, mode: safepoint, requested by thread 0x00007ffd64009800


---------------  P R O C E S S  ---------------

Java Threads: ( => current thread )
  0x00007ffd641f6800 JavaThread "Service Thread" daemon [_thread_blocked, id=18147, stack(0x00007ffd3ebec000,0x00007ffd3eced000)]
  0x00007ffd641f4000 JavaThread "C2 CompilerThread1" daemon [_thread_blocked, id=18146, stack(0x00007ffd3eced000,0x00007ffd3edee000)]
  0x00007ffd641f1800 JavaThread "C2 CompilerThread0" daemon [_thread_blocked, id=18145, stack(0x00007ffd3edee000,0x00007ffd3eeef000)]
  0x00007ffd641ef800 JavaThread "Signal Dispatcher" daemon [_thread_blocked, id=18144, stack(0x00007ffd3eeef000,0x00007ffd3eff0000)]
  0x00007ffd641cb000 JavaThread "Finalizer" daemon [_thread_blocked, id=18143, stack(0x00007ffd3eff0000,0x00007ffd3f0f1000)]
  0x00007ffd641c9000 JavaThread "Reference Handler" daemon [_thread_blocked, id=18142, stack(0x00007ffd3f0f1000,0x00007ffd3f1f2000)]
  0x00007ffd64009800 JavaThread "main" [_thread_blocked, id=18132, stack(0x00007ffd6e2c6000,0x00007ffd6e3c7000)]

Other Threads:
=>0x00007ffd641c4800 VMThread [stack: 0x00007ffd3f1f2000,0x00007ffd3f2f3000] [id=18141]
  0x00007ffd64201800 WatcherThread [stack: 0x00007ffd3eaeb000,0x00007ffd3ebec000] [id=18148]

VM state:at safepoint (normal execution)

VM Mutex/Monitor currently owned by a thread:  ([mutex/lock_event])
[0x00007ffd64007090] Threads_lock - owner thread: 0x00007ffd641c4800
[0x00007ffd64007590] Heap_lock - owner thread: 0x00007ffd64009800

Heap
 PSYoungGen      total 86528K, used 22001K [0x00000000eaa80000, 0x00000000f1480000, 0x0000000100000000)
  eden space 64512K, 0% used [0x00000000eaa80000,0x00000000eaa80000,0x00000000ee980000)
  from space 22016K, 99% used [0x00000000ee980000,0x00000000efefc458,0x00000000eff00000)
  to   space 21504K, 0% used [0x00000000eff80000,0x00000000eff80000,0x00000000f1480000)
 ParOldGen       total 84480K, used 43844K [0x00000000c0000000, 0x00000000c5280000, 0x00000000eaa80000)
  object space 84480K, 51% used [0x00000000c0000000,0x00000000c2ad10b8,0x00000000c5280000)
 PSPermGen       total 21504K, used 7210K [0x00000000b5a00000, 0x00000000b6f00000, 0x00000000c0000000)
  object space 21504K, 33% used [0x00000000b5a00000,0x00000000b610a858,0x00000000b6f00000)

Card table byte_map: [0x00007ffd682e9000,0x00007ffd6853d000] byte_map_base: 0x00007ffd67d3c000

Polling page: 0x00007ffd6e3f9000

Code Cache  [0x00007ffd6853d000, 0x00007ffd687ed000, 0x00007ffd6b53d000)
 total_blobs=1065 nmethods=817 adapters=201 free_code_cache=46515Kb largest_free_block=47566336

Compilation events (10 events):
Event: 7.407 Thread 0x00007ffd641f1800 nmethod 836 0x00007ffd68638350 code [0x00007ffd686384a0, 0x00007ffd686385b8]
Event: 7.408 Thread 0x00007ffd641f1800  837             com.android.dx.merge.SortableType$1::compare (50 bytes)
Event: 7.408 Thread 0x00007ffd641f1800 nmethod 837 0x00007ffd68638090 code [0x00007ffd686381e0, 0x00007ffd68638298]
Event: 7.411 Thread 0x00007ffd641f1800  838             com.android.dex.Dex::readCode (28 bytes)
Event: 7.453 Thread 0x00007ffd641f1800 nmethod 838 0x00007ffd687c6d50 code [0x00007ffd687c7120, 0x00007ffd687c8ed8]
Event: 7.453 Thread 0x00007ffd641f1800  839             com.android.dex.Dex$Section::access$900 (5 bytes)
Event: 10.659 Thread 0x00007ffd641f1800 nmethod 839 0x00007ffd68654a10 code [0x00007ffd68654d80, 0x00007ffd68656678]
Event: 10.660 Thread 0x00007ffd641f1800  840             com.android.dex.Dex$Section::readCode (136 bytes)
Event: 10.665 Thread 0x00007ffd641f4000 nmethod 825 0x00007ffd687d1890 code [0x00007ffd687d1fa0, 0x00007ffd687d5d70]
Event: 10.665 Thread 0x00007ffd641f4000  841             com.android.dex.Code::<init> (44 bytes)

GC Heap History (10 events):
Event: 2.862 GC heap after
Heap after GC invocations=2 (full 0):
 PSYoungGen      total 37376K, used 5090K [0x00000000eaa80000, 0x00000000ed400000, 0x0000000100000000)
  eden space 32256K, 0% used [0x00000000eaa80000,0x00000000eaa80000,0x00000000eca00000)
  from space 5120K, 99% used [0x00000000ecf00000,0x00000000ed3f8a78,0x00000000ed400000)
  to   space 5120K, 0% used [0x00000000eca00000,0x00000000eca00000,0x00000000ecf00000)
 ParOldGen       total 84480K, used 6104K [0x00000000c0000000, 0x00000000c5280000, 0x00000000eaa80000)
  object space 84480K, 7% used [0x00000000c0000000,0x00000000c05f63f0,0x00000000c5280000)
 PSPermGen       total 21504K, used 5272K [0x00000000b5a00000, 0x00000000b6f00000, 0x00000000c0000000)
  object space 21504K, 24% used [0x00000000b5a00000,0x00000000b5f26170,0x00000000b6f00000)
}
Event: 3.442 GC heap before
{Heap before GC invocations=3 (full 0):
 PSYoungGen      total 37376K, used 37346K [0x00000000eaa80000, 0x00000000ed400000, 0x0000000100000000)
  eden space 32256K, 100% used [0x00000000eaa80000,0x00000000eca00000,0x00000000eca00000)
  from space 5120K, 99% used [0x00000000ecf00000,0x00000000ed3f8a78,0x00000000ed400000)
  to   space 5120K, 0% used [0x00000000eca00000,0x00000000eca00000,0x00000000ecf00000)
 ParOldGen       total 84480K, used 6104K [0x00000000c0000000, 0x00000000c5280000, 0x00000000eaa80000)
  object space 84480K, 7% used [0x00000000c0000000,0x00000000c05f63f0,0x00000000c5280000)
 PSPermGen       total 21504K, used 5311K [0x00000000b5a00000, 0x00000000b6f00000, 0x00000000c0000000)
  object space 21504K, 24% used [0x00000000b5a00000,0x00000000b5f2fe68,0x00000000b6f00000)
Event: 3.449 GC heap after
Heap after GC invocations=3 (full 0):
 PSYoungGen      total 37376K, used 5088K [0x00000000eaa80000, 0x00000000ed400000, 0x0000000100000000)
  eden space 32256K, 0% used [0x00000000eaa80000,0x00000000eaa80000,0x00000000eca00000)
  from space 5120K, 99% used [0x00000000eca00000,0x00000000ecef8038,0x00000000ecf00000)
  to   space 5120K, 0% used [0x00000000ecf00000,0x00000000ecf00000,0x00000000ed400000)
 ParOldGen       total 84480K, used 10165K [0x00000000c0000000, 0x00000000c5280000, 0x00000000eaa80000)
  object space 84480K, 12% used [0x00000000c0000000,0x00000000c09ed710,0x00000000c5280000)
 PSPermGen       total 21504K, used 5311K [0x00000000b5a00000, 0x00000000b6f00000, 0x00000000c0000000)
  object space 21504K, 24% used [0x00000000b5a00000,0x00000000b5f2fe68,0x00000000b6f00000)
}
Event: 6.402 GC heap before
{Heap before GC invocations=4 (full 0):
 PSYoungGen      total 37376K, used 37344K [0x00000000eaa80000, 0x00000000ed400000, 0x0000000100000000)
  eden space 32256K, 100% used [0x00000000eaa80000,0x00000000eca00000,0x00000000eca00000)
  from space 5120K, 99% used [0x00000000eca00000,0x00000000ecef8038,0x00000000ecf00000)
  to   space 5120K, 0% used [0x00000000ecf00000,0x00000000ecf00000,0x00000000ed400000)
 ParOldGen       total 84480K, used 10165K [0x00000000c0000000, 0x00000000c5280000, 0x00000000eaa80000)
  object space 84480K, 12% used [0x00000000c0000000,0x00000000c09ed710,0x00000000c5280000)
 PSPermGen       total 21504K, used 5957K [0x00000000b5a00000, 0x00000000b6f00000, 0x00000000c0000000)
  object space 21504K, 27% used [0x00000000b5a00000,0x00000000b5fd15b0,0x00000000b6f00000)
Event: 6.414 GC heap after
Heap after GC invocations=4 (full 0):
 PSYoungGen      total 37376K, used 5117K [0x00000000eaa80000, 0x00000000ed400000, 0x0000000100000000)
  eden space 32256K, 0% used [0x00000000eaa80000,0x00000000eaa80000,0x00000000eca00000)
  from space 5120K, 99% used [0x00000000ecf00000,0x00000000ed3ff6d8,0x00000000ed400000)
  to   space 5120K, 0% used [0x00000000eca00000,0x00000000eca00000,0x00000000ecf00000)
 ParOldGen       total 84480K, used 13869K [0x00000000c0000000, 0x00000000c5280000, 0x00000000eaa80000)
  object space 84480K, 16% used [0x00000000c0000000,0x00000000c0d8b4f8,0x00000000c5280000)
 PSPermGen       total 21504K, used 5957K [0x00000000b5a00000, 0x00000000b6f00000, 0x00000000c0000000)
  object space 21504K, 27% used [0x00000000b5a00000,0x00000000b5fd15b0,0x00000000b6f00000)
}
Event: 7.270 GC heap before
{Heap before GC invocations=5 (full 0):
 PSYoungGen      total 37376K, used 37373K [0x00000000eaa80000, 0x00000000ed400000, 0x0000000100000000)
  eden space 32256K, 100% used [0x00000000eaa80000,0x00000000eca00000,0x00000000eca00000)
  from space 5120K, 99% used [0x00000000ecf00000,0x00000000ed3ff6d8,0x00000000ed400000)
  to   space 5120K, 0% used [0x00000000eca00000,0x00000000eca00000,0x00000000ecf00000)
 ParOldGen       total 84480K, used 13869K [0x00000000c0000000, 0x00000000c5280000, 0x00000000eaa80000)
  object space 84480K, 16% used [0x00000000c0000000,0x00000000c0d8b4f8,0x00000000c5280000)
 PSPermGen       total 21504K, used 7149K [0x00000000b5a00000, 0x00000000b6f00000, 0x00000000c0000000)
  object space 21504K, 33% used [0x00000000b5a00000,0x00000000b60fb6e8,0x00000000b6f00000)
Event: 7.306 GC heap after
Heap after GC invocations=5 (full 0):
 PSYoungGen      total 37376K, used 5107K [0x00000000eaa80000, 0x00000000f1580000, 0x0000000100000000)
  eden space 32256K, 0% used [0x00000000eaa80000,0x00000000eaa80000,0x00000000eca00000)
  from space 5120K, 99% used [0x00000000eca00000,0x00000000ecefcd30,0x00000000ecf00000)
  to   space 22528K, 0% used [0x00000000eff80000,0x00000000eff80000,0x00000000f1580000)
 ParOldGen       total 84480K, used 35295K [0x00000000c0000000, 0x00000000c5280000, 0x00000000eaa80000)
  object space 84480K, 41% used [0x00000000c0000000,0x00000000c2277c68,0x00000000c5280000)
 PSPermGen       total 21504K, used 7149K [0x00000000b5a00000, 0x00000000b6f00000, 0x00000000c0000000)
  object space 21504K, 33% used [0x00000000b5a00000,0x00000000b60fb6e8,0x00000000b6f00000)
}
Event: 10.341 GC heap before
{Heap before GC invocations=6 (full 0):
 PSYoungGen      total 37376K, used 35445K [0x00000000eaa80000, 0x00000000f1580000, 0x0000000100000000)
  eden space 32256K, 94% used [0x00000000eaa80000,0x00000000ec820808,0x00000000eca00000)
  from space 5120K, 99% used [0x00000000eca00000,0x00000000ecefcd30,0x00000000ecf00000)
  to   space 22528K, 0% used [0x00000000eff80000,0x00000000eff80000,0x00000000f1580000)
 ParOldGen       total 84480K, used 35295K [0x00000000c0000000, 0x00000000c5280000, 0x00000000eaa80000)
  object space 84480K, 41% used [0x00000000c0000000,0x00000000c2277c68,0x00000000c5280000)
 PSPermGen       total 21504K, used 7181K [0x00000000b5a00000, 0x00000000b6f00000, 0x00000000c0000000)
  object space 21504K, 33% used [0x00000000b5a00000,0x00000000b61034b0,0x00000000b6f00000)
Event: 10.659 GC heap after
Heap after GC invocations=6 (full 0):
 PSYoungGen      total 86016K, used 7487K [0x00000000eaa80000, 0x00000000f1480000, 0x0000000100000000)
  eden space 64512K, 0% used [0x00000000eaa80000,0x00000000eaa80000,0x00000000ee980000)
  from space 21504K, 34% used [0x00000000eff80000,0x00000000f06cfd38,0x00000000f1480000)
  to   space 22016K, 0% used [0x00000000ee980000,0x00000000ee980000,0x00000000eff00000)
 ParOldGen       total 84480K, used 35295K [0x00000000c0000000, 0x00000000c5280000, 0x00000000eaa80000)
  object space 84480K, 41% used [0x00000000c0000000,0x00000000c2277c68,0x00000000c5280000)
 PSPermGen       total 21504K, used 7181K [0x00000000b5a00000, 0x00000000b6f00000, 0x00000000c0000000)
  object space 21504K, 33% used [0x00000000b5a00000,0x00000000b61034b0,0x00000000b6f00000)
}
Event: 10.940 GC heap before
{Heap before GC invocations=7 (full 0):
 PSYoungGen      total 86016K, used 71999K [0x00000000eaa80000, 0x00000000f1480000, 0x0000000100000000)
  eden space 64512K, 100% used [0x00000000eaa80000,0x00000000ee980000,0x00000000ee980000)
  from space 21504K, 34% used [0x00000000eff80000,0x00000000f06cfd38,0x00000000f1480000)
  to   space 22016K, 0% used [0x00000000ee980000,0x00000000ee980000,0x00000000eff00000)
 ParOldGen       total 84480K, used 35295K [0x00000000c0000000, 0x00000000c5280000, 0x00000000eaa80000)
  object space 84480K, 41% used [0x00000000c0000000,0x00000000c2277c68,0x00000000c5280000)
 PSPermGen       total 21504K, used 7210K [0x00000000b5a00000, 0x00000000b6f00000, 0x00000000c0000000)
  object space 21504K, 33% used [0x00000000b5a00000,0x00000000b610a858,0x00000000b6f00000)

Deoptimization events (10 events):
Event: 6.606 Thread 0x00007ffd64009800 Uncommon trap: reason=unreached action=reinterpret pc=0x00007ffd685e47a0 method=java.util.Arrays.copyOf([Ljava/lang/Object;ILjava/lang/Class;)[Ljava/lang/Object; @ 4
Event: 6.671 Thread 0x00007ffd64009800 Uncommon trap: reason=class_check action=maybe_recompile pc=0x00007ffd6861e5e4 method=java.util.HashMap.<init>(IF)V @ 115
Event: 6.671 Thread 0x00007ffd64009800 Uncommon trap: reason=class_check action=maybe_recompile pc=0x00007ffd6862da90 method=java.util.HashMap.put(Ljava/lang/Object;Ljava/lang/Object;)Ljava/lang/Object; @ 137
Event: 6.671 Thread 0x00007ffd64009800 Uncommon trap: reason=class_check action=maybe_recompile pc=0x00007ffd6862da90 method=java.util.HashMap.put(Ljava/lang/Object;Ljava/lang/Object;)Ljava/lang/Object; @ 137
Event: 6.671 Thread 0x00007ffd64009800 Uncommon trap: reason=class_check action=maybe_recompile pc=0x00007ffd6862da90 method=java.util.HashMap.put(Ljava/lang/Object;Ljava/lang/Object;)Ljava/lang/Object; @ 137
Event: 6.671 Thread 0x00007ffd64009800 Uncommon trap: reason=class_check action=maybe_recompile pc=0x00007ffd6861e5e4 method=java.util.HashMap.<init>(IF)V @ 115
Event: 6.732 Thread 0x00007ffd64009800 Uncommon trap: reason=class_check action=maybe_recompile pc=0x00007ffd68771e38 method=com.android.dex.Leb128.writeUnsignedLeb128(Lcom/android/dex/util/ByteOutput;I)V @ 40
Event: 6.732 Thread 0x00007ffd64009800 Uncommon trap: reason=class_check action=maybe_recompile pc=0x00007ffd68771e38 method=com.android.dex.Leb128.writeUnsignedLeb128(Lcom/android/dex/util/ByteOutput;I)V @ 40
Event: 6.732 Thread 0x00007ffd64009800 Uncommon trap: reason=predicate action=maybe_recompile pc=0x00007ffd68771f88 method=com.android.dex.Leb128.writeUnsignedLeb128(Lcom/android/dex/util/ByteOutput;I)V @ 9
Event: 7.008 Thread 0x00007ffd64009800 Uncommon trap: reason=predicate action=maybe_recompile pc=0x00007ffd6878e2ac method=com.android.dex.Leb128.readUnsignedLeb128(Lcom/android/dex/util/ByteInput;)I @ 41

Internal exceptions (10 events):
Event: 6.849 Thread 0x00007ffd64009800 Threw 0x00000000eafbe7b0 at /build/java7-openjdk/src/icedtea-2.5.2/openjdk/hotspot/src/share/vm/prims/jvm.cpp:1247
Event: 6.849 Thread 0x00007ffd64009800 Threw 0x00000000eafc17f0 at /build/java7-openjdk/src/icedtea-2.5.2/openjdk/hotspot/src/share/vm/prims/jvm.cpp:1247
Event: 6.849 Thread 0x00007ffd64009800 Threw 0x00000000eafc4950 at /build/java7-openjdk/src/icedtea-2.5.2/openjdk/hotspot/src/share/vm/prims/jvm.cpp:1247
Event: 6.851 Thread 0x00007ffd64009800 Threw 0x00000000eafc9998 at /build/java7-openjdk/src/icedtea-2.5.2/openjdk/hotspot/src/share/vm/prims/jvm.cpp:1247
Event: 6.852 Thread 0x00007ffd64009800 Threw 0x00000000eafcc660 at /build/java7-openjdk/src/icedtea-2.5.2/openjdk/hotspot/src/share/vm/prims/jvm.cpp:1247
Event: 6.852 Thread 0x00007ffd64009800 Threw 0x00000000eafcf418 at /build/java7-openjdk/src/icedtea-2.5.2/openjdk/hotspot/src/share/vm/prims/jvm.cpp:1247
Event: 6.852 Thread 0x00007ffd64009800 Threw 0x00000000eafd26d0 at /build/java7-openjdk/src/icedtea-2.5.2/openjdk/hotspot/src/share/vm/prims/jvm.cpp:1247
Event: 6.855 Thread 0x00007ffd64009800 Threw 0x00000000eb019688 at /build/java7-openjdk/src/icedtea-2.5.2/openjdk/hotspot/src/share/vm/prims/jvm.cpp:1247
Event: 6.856 Thread 0x00007ffd64009800 Threw 0x00000000eb01b610 at /build/java7-openjdk/src/icedtea-2.5.2/openjdk/hotspot/src/share/vm/prims/jvm.cpp:1247
Event: 7.198 Thread 0x00007ffd64009800 Threw 0x00000000ebe559e0 at /build/java7-openjdk/src/icedtea-2.5.2/openjdk/hotspot/src/share/vm/prims/jvm.cpp:1247

Events (10 events):
Event: 7.321 Thread 0x00007ffd641f1800 flushing nmethod 0x00007ffd68634dd0
Event: 7.321 Thread 0x00007ffd641f1800 flushing nmethod 0x00007ffd68651790
Event: 7.321 Thread 0x00007ffd641f1800 flushing nmethod 0x00007ffd68654490
Event: 7.322 Thread 0x00007ffd641f1800 flushing nmethod 0x00007ffd686beb90
Event: 7.328 Thread 0x00007ffd641f4000 flushing nmethod 0x00007ffd6870f350
Event: 7.354 loading class 0x00007ffd61154530
Event: 7.364 loading class 0x00007ffd61154530 done
Event: 9.861 Executing VM operation: ParallelGCFailedAllocation
Event: 10.659 Executing VM operation: ParallelGCFailedAllocation done
Event: 10.940 Executing VM operation: ParallelGCFailedAllocation


Dynamic libraries:
00400000-00401000 r-xp 00000000 08:03 59256289                           /usr/lib/jvm/java-7-openjdk/jre/bin/java
00600000-00601000 rw-p 00000000 08:03 59256289                           /usr/lib/jvm/java-7-openjdk/jre/bin/java
00bd8000-00bf9000 rw-p 00000000 00:00 0                                  [heap]
b5a00000-b6f00000 rw-p 00000000 00:00 0 
b6f00000-c0000000 rw-p 00000000 00:00 0 
c0000000-c5280000 rw-p 00000000 00:00 0 
c5280000-eaa80000 rw-p 00000000 00:00 0 
eaa80000-f1480000 rw-p 00000000 00:00 0 
f6380000-100000000 rw-p 00000000 00:00 0 
7ffd18000000-7ffd18021000 rw-p 00000000 00:00 0 
7ffd18021000-7ffd1c000000 ---p 00000000 00:00 0 
7ffd20000000-7ffd20a8d000 rw-p 00000000 00:00 0 
7ffd20a8d000-7ffd24000000 ---p 00000000 00:00 0 
7ffd24000000-7ffd24021000 rw-p 00000000 00:00 0 
7ffd24021000-7ffd28000000 ---p 00000000 00:00 0 
7ffd28000000-7ffd28021000 rw-p 00000000 00:00 0 
7ffd28021000-7ffd2c000000 ---p 00000000 00:00 0 
7ffd2c000000-7ffd2cd8f000 rw-p 00000000 00:00 0 
7ffd2cd8f000-7ffd30000000 ---p 00000000 00:00 0 
7ffd30000000-7ffd30021000 rw-p 00000000 00:00 0 
7ffd30021000-7ffd34000000 ---p 00000000 00:00 0 
7ffd34000000-7ffd34021000 rw-p 00000000 00:00 0 
7ffd34021000-7ffd38000000 ---p 00000000 00:00 0 
7ffd38000000-7ffd38021000 rw-p 00000000 00:00 0 
7ffd38021000-7ffd3c000000 ---p 00000000 00:00 0 
7ffd3d561000-7ffd3d575000 r-xp 00000000 08:03 134219126                  /usr/lib/libresolv-2.20.so
7ffd3d575000-7ffd3d774000 ---p 00014000 08:03 134219126                  /usr/lib/libresolv-2.20.so
7ffd3d774000-7ffd3d775000 r--p 00013000 08:03 134219126                  /usr/lib/libresolv-2.20.so
7ffd3d775000-7ffd3d776000 rw-p 00014000 08:03 134219126                  /usr/lib/libresolv-2.20.so
7ffd3d776000-7ffd3d778000 rw-p 00000000 00:00 0 
7ffd3d778000-7ffd3d7e6000 r-xp 00000000 08:03 134373508                  /usr/lib/libpcre.so.1.2.4
7ffd3d7e6000-7ffd3d9e5000 ---p 0006e000 08:03 134373508                  /usr/lib/libpcre.so.1.2.4
7ffd3d9e5000-7ffd3d9e6000 r--p 0006d000 08:03 134373508                  /usr/lib/libpcre.so.1.2.4
7ffd3d9e6000-7ffd3d9e7000 rw-p 0006e000 08:03 134373508                  /usr/lib/libpcre.so.1.2.4
7ffd3d9e7000-7ffd3d9ea000 r-xp 00000000 08:03 134373542                  /usr/lib/libgmodule-2.0.so.0.4000.0
7ffd3d9ea000-7ffd3dbe9000 ---p 00003000 08:03 134373542                  /usr/lib/libgmodule-2.0.so.0.4000.0
7ffd3dbe9000-7ffd3dbea000 r--p 00002000 08:03 134373542                  /usr/lib/libgmodule-2.0.so.0.4000.0
7ffd3dbea000-7ffd3dbeb000 rw-p 00003000 08:03 134373542                  /usr/lib/libgmodule-2.0.so.0.4000.0
7ffd3dbeb000-7ffd3dbf2000 r-xp 00000000 08:03 134373513                  /usr/lib/libffi.so.6.0.2
7ffd3dbf2000-7ffd3ddf1000 ---p 00007000 08:03 134373513                  /usr/lib/libffi.so.6.0.2
7ffd3ddf1000-7ffd3ddf2000 r--p 00006000 08:03 134373513                  /usr/lib/libffi.so.6.0.2
7ffd3ddf2000-7ffd3ddf3000 rw-p 00007000 08:03 134373513                  /usr/lib/libffi.so.6.0.2
7ffd3ddf3000-7ffd3defb000 r-xp 00000000 08:03 134373541                  /usr/lib/libglib-2.0.so.0.4000.0
7ffd3defb000-7ffd3e0fa000 ---p 00108000 08:03 134373541                  /usr/lib/libglib-2.0.so.0.4000.0
7ffd3e0fa000-7ffd3e0fb000 r--p 00107000 08:03 134373541                  /usr/lib/libglib-2.0.so.0.4000.0
7ffd3e0fb000-7ffd3e0fc000 rw-p 00108000 08:03 134373541                  /usr/lib/libglib-2.0.so.0.4000.0
7ffd3e0fc000-7ffd3e0fd000 rw-p 00000000 00:00 0 
7ffd3e0fd000-7ffd3e14c000 r-xp 00000000 08:03 134218240                  /usr/lib/libgobject-2.0.so.0.4000.0
7ffd3e14c000-7ffd3e34c000 ---p 0004f000 08:03 134218240                  /usr/lib/libgobject-2.0.so.0.4000.0
7ffd3e34c000-7ffd3e34d000 r--p 0004f000 08:03 134218240                  /usr/lib/libgobject-2.0.so.0.4000.0
7ffd3e34d000-7ffd3e34e000 rw-p 00050000 08:03 134218240                  /usr/lib/libgobject-2.0.so.0.4000.0
7ffd3e34e000-7ffd3e4bb000 r-xp 00000000 08:03 134218241                  /usr/lib/libgio-2.0.so.0.4000.0
7ffd3e4bb000-7ffd3e6bb000 ---p 0016d000 08:03 134218241                  /usr/lib/libgio-2.0.so.0.4000.0
7ffd3e6bb000-7ffd3e6bf000 r--p 0016d000 08:03 134218241                  /usr/lib/libgio-2.0.so.0.4000.0
7ffd3e6bf000-7ffd3e6c1000 rw-p 00171000 08:03 134218241                  /usr/lib/libgio-2.0.so.0.4000.0
7ffd3e6c1000-7ffd3e6c3000 rw-p 00000000 00:00 0 
7ffd3e6c3000-7ffd3e6d9000 r-xp 00000000 08:03 76412682                   /usr/lib/jvm/java-7-openjdk/jre/lib/amd64/libnet.so
7ffd3e6d9000-7ffd3e8d9000 ---p 00016000 08:03 76412682                   /usr/lib/jvm/java-7-openjdk/jre/lib/amd64/libnet.so
7ffd3e8d9000-7ffd3e8da000 rw-p 00016000 08:03 76412682                   /usr/lib/jvm/java-7-openjdk/jre/lib/amd64/libnet.so
7ffd3e8da000-7ffd3e8ea000 r-xp 00000000 08:03 76412683                   /usr/lib/jvm/java-7-openjdk/jre/lib/amd64/libnio.so
7ffd3e8ea000-7ffd3eaea000 ---p 00010000 08:03 76412683                   /usr/lib/jvm/java-7-openjdk/jre/lib/amd64/libnio.so
7ffd3eaea000-7ffd3eaeb000 rw-p 00010000 08:03 76412683                   /usr/lib/jvm/java-7-openjdk/jre/lib/amd64/libnio.so
7ffd3eaeb000-7ffd3eaec000 ---p 00000000 00:00 0 
7ffd3eaec000-7ffd3ebec000 rw-p 00000000 00:00 0                          [stack:18148]
7ffd3ebec000-7ffd3ebef000 ---p 00000000 00:00 0 
7ffd3ebef000-7ffd3eced000 rw-p 00000000 00:00 0                          [stack:18147]
7ffd3eced000-7ffd3ecf0000 ---p 00000000 00:00 0 
7ffd3ecf0000-7ffd3edee000 rw-p 00000000 00:00 0                          [stack:18146]
7ffd3edee000-7ffd3edf1000 ---p 00000000 00:00 0 
7ffd3edf1000-7ffd3eeef000 rw-p 00000000 00:00 0                          [stack:18145]
7ffd3eeef000-7ffd3eef2000 ---p 00000000 00:00 0 
7ffd3eef2000-7ffd3eff0000 rw-p 00000000 00:00 0                          [stack:18144]
7ffd3eff0000-7ffd3eff3000 ---p 00000000 00:00 0 
7ffd3eff3000-7ffd3f0f1000 rw-p 00000000 00:00 0                          [stack:18143]
7ffd3f0f1000-7ffd3f0f4000 ---p 00000000 00:00 0 
7ffd3f0f4000-7ffd3f1f2000 rw-p 00000000 00:00 0                          [stack:18142]
7ffd3f1f2000-7ffd3f1f3000 ---p 00000000 00:00 0 
7ffd3f1f3000-7ffd40000000 rw-p 00000000 00:00 0                          [stack:18141]
7ffd40000000-7ffd40021000 rw-p 00000000 00:00 0 
7ffd40021000-7ffd44000000 ---p 00000000 00:00 0 
7ffd44000000-7ffd44021000 rw-p 00000000 00:00 0 
7ffd44021000-7ffd48000000 ---p 00000000 00:00 0 
7ffd48000000-7ffd48021000 rw-p 00000000 00:00 0 
7ffd48021000-7ffd4c000000 ---p 00000000 00:00 0 
7ffd4c000000-7ffd4c021000 rw-p 00000000 00:00 0 
7ffd4c021000-7ffd50000000 ---p 00000000 00:00 0 
7ffd50000000-7ffd50021000 rw-p 00000000 00:00 0 
7ffd50021000-7ffd54000000 ---p 00000000 00:00 0 
7ffd54000000-7ffd54021000 rw-p 00000000 00:00 0 
7ffd54021000-7ffd58000000 ---p 00000000 00:00 0 
7ffd58000000-7ffd58021000 rw-p 00000000 00:00 0 
7ffd58021000-7ffd5c000000 ---p 00000000 00:00 0 
7ffd5c000000-7ffd5c021000 rw-p 00000000 00:00 0 
7ffd5c021000-7ffd60000000 ---p 00000000 00:00 0 
7ffd6009d000-7ffd60ef4000 rw-p 00000000 00:00 0 
7ffd60ef4000-7ffd610a5000 r--s 01d21000 08:03 67572648                   /usr/lib/jvm/java-7-openjdk/jre/lib/rt.jar
7ffd610a5000-7ffd638f9000 rw-p 00000000 00:00 0 
7ffd638f9000-7ffd638fa000 ---p 00000000 00:00 0 
7ffd638fa000-7ffd639fa000 rw-p 00000000 00:00 0                          [stack:18140]
7ffd639fa000-7ffd639fb000 ---p 00000000 00:00 0 
7ffd639fb000-7ffd63afb000 rw-p 00000000 00:00 0                          [stack:18139]
7ffd63afb000-7ffd63afc000 ---p 00000000 00:00 0 
7ffd63afc000-7ffd63bfc000 rw-p 00000000 00:00 0                          [stack:18138]
7ffd63bfc000-7ffd63bfd000 ---p 00000000 00:00 0 
7ffd63bfd000-7ffd63cfd000 rw-p 00000000 00:00 0                          [stack:18137]
7ffd63cfd000-7ffd63cfe000 ---p 00000000 00:00 0 
7ffd63cfe000-7ffd63dfe000 rw-p 00000000 00:00 0                          [stack:18136]
7ffd63dfe000-7ffd63dff000 ---p 00000000 00:00 0 
7ffd63dff000-7ffd63eff000 rw-p 00000000 00:00 0                          [stack:18135]
7ffd63eff000-7ffd63f00000 ---p 00000000 00:00 0 
7ffd63f00000-7ffd64000000 rw-p 00000000 00:00 0                          [stack:18134]
7ffd64000000-7ffd64378000 rw-p 00000000 00:00 0 
7ffd64378000-7ffd68000000 ---p 00000000 00:00 0 
7ffd68031000-7ffd6803f000 r--s 000cf000 08:03 25462189                   /opt/android-sdk/build-tools/19.1.0/lib/dx.jar
7ffd6803f000-7ffd68040000 ---p 00000000 00:00 0 
7ffd68040000-7ffd6814b000 rw-p 00000000 00:00 0                          [stack:18133]
7ffd6814b000-7ffd68193000 rw-p 00000000 00:00 0 
7ffd68193000-7ffd681bd000 rw-p 00000000 00:00 0 
7ffd681bd000-7ffd682e9000 rw-p 00000000 00:00 0 
7ffd682e9000-7ffd682f4000 rw-p 00000000 00:00 0 
7ffd682f4000-7ffd6833c000 rw-p 00000000 00:00 0 
7ffd6833c000-7ffd68366000 rw-p 00000000 00:00 0 
7ffd68366000-7ffd68491000 rw-p 00000000 00:00 0 
7ffd68491000-7ffd684c7000 rw-p 00000000 00:00 0 
7ffd684c7000-7ffd6853c000 rw-p 00000000 00:00 0 
7ffd6853c000-7ffd6853d000 rw-p 00000000 00:00 0 
7ffd6853d000-7ffd687ed000 rwxp 00000000 00:00 0 
7ffd687ed000-7ffd6b53d000 rw-p 00000000 00:00 0 
7ffd6b53d000-7ffd6b545000 r-xp 00000000 08:03 76412681                   /usr/lib/jvm/java-7-openjdk/jre/lib/amd64/libzip.so
7ffd6b545000-7ffd6b744000 ---p 00008000 08:03 76412681                   /usr/lib/jvm/java-7-openjdk/jre/lib/amd64/libzip.so
7ffd6b744000-7ffd6b745000 rw-p 00007000 08:03 76412681                   /usr/lib/jvm/java-7-openjdk/jre/lib/amd64/libzip.so
7ffd6b745000-7ffd6b750000 r-xp 00000000 08:03 134219127                  /usr/lib/libnss_files-2.20.so
7ffd6b750000-7ffd6b950000 ---p 0000b000 08:03 134219127                  /usr/lib/libnss_files-2.20.so
7ffd6b950000-7ffd6b951000 r--p 0000b000 08:03 134219127                  /usr/lib/libnss_files-2.20.so
7ffd6b951000-7ffd6b952000 rw-p 0000c000 08:03 134219127                  /usr/lib/libnss_files-2.20.so
7ffd6b952000-7ffd6b97e000 r-xp 00000000 08:03 76412680                   /usr/lib/jvm/java-7-openjdk/jre/lib/amd64/libjava.so
7ffd6b97e000-7ffd6bb7d000 ---p 0002c000 08:03 76412680                   /usr/lib/jvm/java-7-openjdk/jre/lib/amd64/libjava.so
7ffd6bb7d000-7ffd6bb7f000 rw-p 0002b000 08:03 76412680                   /usr/lib/jvm/java-7-openjdk/jre/lib/amd64/libjava.so
7ffd6bb7f000-7ffd6bb8c000 r-xp 00000000 08:03 76412679                   /usr/lib/jvm/java-7-openjdk/jre/lib/amd64/libverify.so
7ffd6bb8c000-7ffd6bd8b000 ---p 0000d000 08:03 76412679                   /usr/lib/jvm/java-7-openjdk/jre/lib/amd64/libverify.so
7ffd6bd8b000-7ffd6bd8d000 rw-p 0000c000 08:03 76412679                   /usr/lib/jvm/java-7-openjdk/jre/lib/amd64/libverify.so
7ffd6bd8d000-7ffd6bd94000 r-xp 00000000 08:03 134219162                  /usr/lib/librt-2.20.so
7ffd6bd94000-7ffd6bf93000 ---p 00007000 08:03 134219162                  /usr/lib/librt-2.20.so
7ffd6bf93000-7ffd6bf94000 r--p 00006000 08:03 134219162                  /usr/lib/librt-2.20.so
7ffd6bf94000-7ffd6bf95000 rw-p 00007000 08:03 134219162                  /usr/lib/librt-2.20.so
7ffd6bf95000-7ffd6bfab000 r-xp 00000000 08:03 134478598                  /usr/lib/libgcc_s.so.1
7ffd6bfab000-7ffd6c1aa000 ---p 00016000 08:03 134478598                  /usr/lib/libgcc_s.so.1
7ffd6c1aa000-7ffd6c1ab000 rw-p 00015000 08:03 134478598                  /usr/lib/libgcc_s.so.1
7ffd6c1ab000-7ffd6c2ae000 r-xp 00000000 08:03 134219151                  /usr/lib/libm-2.20.so
7ffd6c2ae000-7ffd6c4ae000 ---p 00103000 08:03 134219151                  /usr/lib/libm-2.20.so
7ffd6c4ae000-7ffd6c4af000 r--p 00103000 08:03 134219151                  /usr/lib/libm-2.20.so
7ffd6c4af000-7ffd6c4b0000 rw-p 00104000 08:03 134219151                  /usr/lib/libm-2.20.so
7ffd6c4b0000-7ffd6c5a0000 r-xp 00000000 08:03 134373323                  /usr/lib/libstdc++.so.6.0.20
7ffd6c5a0000-7ffd6c7a0000 ---p 000f0000 08:03 134373323                  /usr/lib/libstdc++.so.6.0.20
7ffd6c7a0000-7ffd6c7a8000 r--p 000f0000 08:03 134373323                  /usr/lib/libstdc++.so.6.0.20
7ffd6c7a8000-7ffd6c7aa000 rw-p 000f8000 08:03 134373323                  /usr/lib/libstdc++.so.6.0.20
7ffd6c7aa000-7ffd6c7bf000 rw-p 00000000 00:00 0 
7ffd6c7bf000-7ffd6d307000 r-xp 00000000 08:03 25682552                   /usr/lib/jvm/java-7-openjdk/jre/lib/amd64/server/libjvm.so
7ffd6d307000-7ffd6d506000 ---p 00b48000 08:03 25682552                   /usr/lib/jvm/java-7-openjdk/jre/lib/amd64/server/libjvm.so
7ffd6d506000-7ffd6d5c8000 rw-p 00b47000 08:03 25682552                   /usr/lib/jvm/java-7-openjdk/jre/lib/amd64/server/libjvm.so
7ffd6d5c8000-7ffd6d5f4000 rw-p 00000000 00:00 0 
7ffd6d5f4000-7ffd6d609000 r-xp 00000000 08:03 134373263                  /usr/lib/libz.so.1.2.8
7ffd6d609000-7ffd6d808000 ---p 00015000 08:03 134373263                  /usr/lib/libz.so.1.2.8
7ffd6d808000-7ffd6d809000 r--p 00014000 08:03 134373263                  /usr/lib/libz.so.1.2.8
7ffd6d809000-7ffd6d80a000 rw-p 00015000 08:03 134373263                  /usr/lib/libz.so.1.2.8
7ffd6d80a000-7ffd6d9a3000 r-xp 00000000 08:03 134219152                  /usr/lib/libc-2.20.so
7ffd6d9a3000-7ffd6dba3000 ---p 00199000 08:03 134219152                  /usr/lib/libc-2.20.so
7ffd6dba3000-7ffd6dba7000 r--p 00199000 08:03 134219152                  /usr/lib/libc-2.20.so
7ffd6dba7000-7ffd6dba9000 rw-p 0019d000 08:03 134219152                  /usr/lib/libc-2.20.so
7ffd6dba9000-7ffd6dbad000 rw-p 00000000 00:00 0 
7ffd6dbad000-7ffd6dbb0000 r-xp 00000000 08:03 134219125                  /usr/lib/libdl-2.20.so
7ffd6dbb0000-7ffd6ddaf000 ---p 00003000 08:03 134219125                  /usr/lib/libdl-2.20.so
7ffd6ddaf000-7ffd6ddb0000 r--p 00002000 08:03 134219125                  /usr/lib/libdl-2.20.so
7ffd6ddb0000-7ffd6ddb1000 rw-p 00003000 08:03 134219125                  /usr/lib/libdl-2.20.so
7ffd6ddb1000-7ffd6ddbe000 r-xp 00000000 08:03 33641276                   /usr/lib/jvm/java-7-openjdk/jre/lib/amd64/jli/libjli.so
7ffd6ddbe000-7ffd6dfbd000 ---p 0000d000 08:03 33641276                   /usr/lib/jvm/java-7-openjdk/jre/lib/amd64/jli/libjli.so
7ffd6dfbd000-7ffd6dfbe000 rw-p 0000c000 08:03 33641276                   /usr/lib/jvm/java-7-openjdk/jre/lib/amd64/jli/libjli.so
7ffd6dfbe000-7ffd6dfd5000 r-xp 00000000 08:03 134219132                  /usr/lib/libpthread-2.20.so
7ffd6dfd5000-7ffd6e1d4000 ---p 00017000 08:03 134219132                  /usr/lib/libpthread-2.20.so
7ffd6e1d4000-7ffd6e1d5000 r--p 00016000 08:03 134219132                  /usr/lib/libpthread-2.20.so
7ffd6e1d5000-7ffd6e1d6000 rw-p 00017000 08:03 134219132                  /usr/lib/libpthread-2.20.so
7ffd6e1d6000-7ffd6e1da000 rw-p 00000000 00:00 0 
7ffd6e1da000-7ffd6e1fc000 r-xp 00000000 08:03 134219129                  /usr/lib/ld-2.20.so
7ffd6e206000-7ffd6e211000 rw-p 00000000 00:00 0 
7ffd6e211000-7ffd6e2c6000 rw-p 00000000 00:00 0 
7ffd6e2c6000-7ffd6e2c9000 ---p 00000000 00:00 0 
7ffd6e2c9000-7ffd6e3cb000 rw-p 00000000 00:00 0                          [stack:18132]
7ffd6e3d2000-7ffd6e3d3000 rw-p 00000000 00:00 0 
7ffd6e3d3000-7ffd6e3d8000 r--s 0004c000 08:03 67572650                   /usr/lib/jvm/java-7-openjdk/jre/lib/jsse.jar
7ffd6e3d8000-7ffd6e3f0000 rw-p 00000000 00:00 0 
7ffd6e3f0000-7ffd6e3f8000 rw-s 00000000 00:1e 55174211                   /tmp/hsperfdata_chris/18121
7ffd6e3f8000-7ffd6e3f9000 rw-p 00000000 00:00 0 
7ffd6e3f9000-7ffd6e3fa000 ---p 00000000 00:00 0 
7ffd6e3fa000-7ffd6e3fb000 rw-p 00000000 00:00 0 
7ffd6e3fb000-7ffd6e3fc000 r--p 00021000 08:03 134219129                  /usr/lib/ld-2.20.so
7ffd6e3fc000-7ffd6e3fd000 rw-p 00022000 08:03 134219129                  /usr/lib/ld-2.20.so
7ffd6e3fd000-7ffd6e3fe000 rw-p 00000000 00:00 0 
7fff573c1000-7fff573e2000 rw-p 00000000 00:00 0                          [stack]
7fff573fc000-7fff573fe000 r-xp 00000000 00:00 0                          [vdso]
7fff573fe000-7fff57400000 r--p 00000000 00:00 0                          [vvar]
ffffffffff600000-ffffffffff601000 r-xp 00000000 00:00 0                  [vsyscall]

VM Arguments:
jvm_args: -Xmx1024M 
java_command: /opt/android-sdk/build-tools/19.1.0/lib/dx.jar --dex --output /home/chris/AndroidStudioProjects/Coinsetter/trader/build/intermediates/dex/debug /home/chris/AndroidStudioProjects/Coinsetter/trader/build/intermediates/classes/debug /home/chris/AndroidStudioProjects/Coinsetter/trader/build/intermediates/dependency-cache/debug /home/chris/AndroidStudioProjects/Coinsetter/trader/build/intermediates/pre-dexed/debug/slf4j-android-1.7.10-bbd2dccf954e927b0ae9624b77c2138207982759.jar /home/chris/AndroidStudioProjects/Coinsetter/trader/build/intermediates/pre-dexed/debug/android-integration-2.3.0-992c739ad10b001fbeab6d409da6cb61f5e6317c.jar /home/chris/AndroidStudioProjects/Coinsetter/trader/build/intermediates/pre-dexed/debug/slf4j-api-1.7.10-cf8c77ad9e68cc3dc9e4b60d1b439e13b15cd86f.jar /home/chris/AndroidStudioProjects/Coinsetter/trader/build/intermediates/pre-dexed/debug/json-simple-1.1.1-6e9338790fdad5532269da13fcd80ecd21ba88c5.jar /home/chris/AndroidStudioProjects/Coinsetter/trader/build/intermediates/pre-dexed/debug/android-async-http-1.4.4-9d82c094b92f418cf975c63f661a1aa14a89a7b6.jar /home/chris/AndroidStudioProjects/Coinsetter/trader/build/intermediates/pre-dexed/debug/GraphView-4.0.0-8dc5cdac989907bc43d28d45b8484f8538fee70c.jar /home/chris/AndroidStudioProjects/Coinsetter/trader/build/intermediates/pre-dexed/debug/org-apache-commons-codec-15f25a55dfea48a9b61fbdb416e29c2ef2543c88.jar /home/chris/AndroidStudioProjects/Coinsetter/trader/build/intermediates/pre-dexed/debug/classes-e2940c2274ef02834ac8c98eb3d55dc539f7a59b.jar /home/chris/AndroidStudioProjects/Coinsetter/trader/build/intermediates/pre-dexed/debug/core-2.0-5b411ee4575d3c368faed63b4948662d56c64278.jar /home/chris/AndroidStudioProjects/Coinsetter/trader/build/intermediates/pre-dexed/debug/support-v4-19.0.1-bd9c615f0a131d50cab5a878da8f2e2415e0b869.jar
Launcher Type: SUN_STANDARD

Environment Variables:
JAVA_HOME=/usr/lib/jvm/default
CLASSPATH=/opt/android-studio/bin/../lib/bootstrap.jar:/opt/android-studio/bin/../lib/extensions.jar:/opt/android-studio/bin/../lib/util.jar:/opt/android-studio/bin/../lib/jdom.jar:/opt/android-studio/bin/../lib/log4j.jar:/opt/android-studio/bin/../lib/trove4j.jar:/opt/android-studio/bin/../lib/jna.jar:/usr/lib/jvm/default/lib/tools.jar
PATH=/usr/local/sbin:/usr/local/bin:/usr/bin:/opt/android-sdk/tools:/usr/bin/site_perl:/usr/bin/vendor_perl:/usr/bin/core_perl:/home/chris/bin:/usr/local/bin:/home/chris/bin:/usr/local/bin:/home/chris/bin:/usr/local/bin
USERNAME=chris
LD_LIBRARY_PATH=/opt/android-studio/bin:
SHELL=/bin/bash
DISPLAY=:0.0

Signal Handlers:
SIGSEGV: [libjvm.so+0x97c220], sa_mask[0]=0x7ffbfeff, sa_flags=0x10000004
SIGBUS: [libjvm.so+0x97c220], sa_mask[0]=0x7ffbfeff, sa_flags=0x10000004
SIGFPE: [libjvm.so+0x7eab60], sa_mask[0]=0x7ffbfeff, sa_flags=0x10000004
SIGPIPE: [libjvm.so+0x7eab60], sa_mask[0]=0x7ffbfeff, sa_flags=0x10000004
SIGXFSZ: [libjvm.so+0x7eab60], sa_mask[0]=0x7ffbfeff, sa_flags=0x10000004
SIGILL: [libjvm.so+0x7eab60], sa_mask[0]=0x7ffbfeff, sa_flags=0x10000004
SIGUSR1: SIG_DFL, sa_mask[0]=0x00000000, sa_flags=0x00000000
SIGUSR2: [libjvm.so+0x7ea9e0], sa_mask[0]=0x00000004, sa_flags=0x10000004
SIGHUP: [libjvm.so+0x7eabe0], sa_mask[0]=0x7ffbfeff, sa_flags=0x10000004
SIGINT: [libjvm.so+0x7eabe0], sa_mask[0]=0x7ffbfeff, sa_flags=0x10000004
SIGTERM: [libjvm.so+0x7eabe0], sa_mask[0]=0x7ffbfeff, sa_flags=0x10000004
SIGQUIT: [libjvm.so+0x7eabe0], sa_mask[0]=0x7ffbfeff, sa_flags=0x10000004
SIGTRAP: SIG_DFL, sa_mask[0]=0x00000000, sa_flags=0x00000000


---------------  S Y S T E M  ---------------

OS:Linux
uname:Linux 3.16.4-1-ARCH #1 SMP PREEMPT Mon Oct 6 08:22:27 CEST 2014 x86_64
libc:glibc 2.20 NPTL 2.20 
rlimit: STACK 8192k, CORE 0k, NPROC 31776, NOFILE 4096, AS infinity
load average:2.50 2.39 2.62

/proc/meminfo:
MemTotal:        8140100 kB
MemFree:          115800 kB
MemAvailable:      66416 kB
Buffers:             144 kB
Cached:           620144 kB
SwapCached:            0 kB
Active:          7149132 kB
Inactive:         499484 kB
Active(anon):    7135584 kB
Inactive(anon):   482808 kB
Active(file):      13548 kB
Inactive(file):    16676 kB
Unevictable:           0 kB
Mlocked:               0 kB
SwapTotal:             0 kB
SwapFree:              0 kB
Dirty:               572 kB
Writeback:           316 kB
AnonPages:       7028920 kB
Mapped:           119476 kB
Shmem:            589476 kB
Slab:              84392 kB
SReclaimable:      39944 kB
SUnreclaim:        44448 kB
KernelStack:        8416 kB
PageTables:        33756 kB
NFS_Unstable:          0 kB
Bounce:                0 kB
WritebackTmp:          0 kB
CommitLimit:     4070048 kB
Committed_AS:   11505280 kB
VmallocTotal:   34359738367 kB
VmallocUsed:      161612 kB
VmallocChunk:   34359573240 kB
HardwareCorrupted:     0 kB
AnonHugePages:   5408768 kB
HugePages_Total:       0
HugePages_Free:        0
HugePages_Rsvd:        0
HugePages_Surp:        0
Hugepagesize:       2048 kB
DirectMap4k:      821668 kB
DirectMap2M:     7526400 kB


CPU:total 8 (4 cores per cpu, 2 threads per core) family 6 model 58 stepping 9, cmov, cx8, fxsr, mmx, sse, sse2, sse3, ssse3, sse4.1, sse4.2, popcnt, avx, aes, erms, ht, tsc, tscinvbit, tscinv

/proc/cpuinfo:
processor	: 0
vendor_id	: GenuineIntel
cpu family	: 6
model		: 58
model name	: Intel(R) Core(TM) i7-3770 CPU @ 3.40GHz
stepping	: 9
microcode	: 0x15
cpu MHz		: 1604.906
cache size	: 8192 KB
physical id	: 0
siblings	: 8
core id		: 0
cpu cores	: 4
apicid		: 0
initial apicid	: 0
fpu		: yes
fpu_exception	: yes
cpuid level	: 13
wp		: yes
flags		: fpu vme de pse tsc msr pae mce cx8 apic sep mtrr pge mca cmov pat pse36 clflush dts acpi mmx fxsr sse sse2 ss ht tm pbe syscall nx rdtscp lm constant_tsc arch_perfmon pebs bts rep_good nopl xtopology nonstop_tsc aperfmperf eagerfpu pni pclmulqdq dtes64 monitor ds_cpl vmx smx est tm2 ssse3 cx16 xtpr pdcm pcid sse4_1 sse4_2 x2apic popcnt tsc_deadline_timer aes xsave avx f16c rdrand lahf_lm ida arat epb xsaveopt pln pts dtherm tpr_shadow vnmi flexpriority ept vpid fsgsbase smep erms
bogomips	: 6809.66
clflush size	: 64
cache_alignment	: 64
address sizes	: 36 bits physical, 48 bits virtual
power management:

processor	: 1
vendor_id	: GenuineIntel
cpu family	: 6
model		: 58
model name	: Intel(R) Core(TM) i7-3770 CPU @ 3.40GHz
stepping	: 9
microcode	: 0x15
cpu MHz		: 1603.312
cache size	: 8192 KB
physical id	: 0
siblings	: 8
core id		: 1
cpu cores	: 4
apicid		: 2
initial apicid	: 2
fpu		: yes
fpu_exception	: yes
cpuid level	: 13
wp		: yes
flags		: fpu vme de pse tsc msr pae mce cx8 apic sep mtrr pge mca cmov pat pse36 clflush dts acpi mmx fxsr sse sse2 ss ht tm pbe syscall nx rdtscp lm constant_tsc arch_perfmon pebs bts rep_good nopl xtopology nonstop_tsc aperfmperf eagerfpu pni pclmulqdq dtes64 monitor ds_cpl vmx smx est tm2 ssse3 cx16 xtpr pdcm pcid sse4_1 sse4_2 x2apic popcnt tsc_deadline_timer aes xsave avx f16c rdrand lahf_lm ida arat epb xsaveopt pln pts dtherm tpr_shadow vnmi flexpriority ept vpid fsgsbase smep erms
bogomips	: 6809.66
clflush size	: 64
cache_alignment	: 64
address sizes	: 36 bits physical, 48 bits virtual
power management:

processor	: 2
vendor_id	: GenuineIntel
cpu family	: 6
model		: 58
model name	: Intel(R) Core(TM) i7-3770 CPU @ 3.40GHz
stepping	: 9
microcode	: 0x15
cpu MHz		: 1634.921
cache size	: 8192 KB
physical id	: 0
siblings	: 8
core id		: 2
cpu cores	: 4
apicid		: 4
initial apicid	: 4
fpu		: yes
fpu_exception	: yes
cpuid level	: 13
wp		: yes
flags		: fpu vme de pse tsc msr pae mce cx8 apic sep mtrr pge mca cmov pat pse36 clflush dts acpi mmx fxsr sse sse2 ss ht tm pbe syscall nx rdtscp lm constant_tsc arch_perfmon pebs bts rep_good nopl xtopology nonstop_tsc aperfmperf eagerfpu pni pclmulqdq dtes64 monitor ds_cpl vmx smx est tm2 ssse3 cx16 xtpr pdcm pcid sse4_1 sse4_2 x2apic popcnt tsc_deadline_timer aes xsave avx f16c rdrand lahf_lm ida arat epb xsaveopt pln pts dtherm tpr_shadow vnmi flexpriority ept vpid fsgsbase smep erms
bogomips	: 6809.66
clflush size	: 64
cache_alignment	: 64
address sizes	: 36 bits physical, 48 bits virtual
power management:

processor	: 3
vendor_id	: GenuineIntel
cpu family	: 6
model		: 58
model name	: Intel(R) Core(TM) i7-3770 CPU @ 3.40GHz
stepping	: 9
microcode	: 0x15
cpu MHz		: 1719.125
cache size	: 8192 KB
physical id	: 0
siblings	: 8
core id		: 3
cpu cores	: 4
apicid		: 6
initial apicid	: 6
fpu		: yes
fpu_exception	: yes
cpuid level	: 13
wp		: yes
flags		: fpu vme de pse tsc msr pae mce cx8 apic sep mtrr pge mca cmov pat pse36 clflush dts acpi mmx fxsr sse sse2 ss ht tm pbe syscall nx rdtscp lm constant_tsc arch_perfmon pebs bts rep_good nopl xtopology nonstop_tsc aperfmperf eagerfpu pni pclmulqdq dtes64 monitor ds_cpl vmx smx est tm2 ssse3 cx16 xtpr pdcm pcid sse4_1 sse4_2 x2apic popcnt tsc_deadline_timer aes xsave avx f16c rdrand lahf_lm ida arat epb xsaveopt pln pts dtherm tpr_shadow vnmi flexpriority ept vpid fsgsbase smep erms
bogomips	: 6809.66
clflush size	: 64
cache_alignment	: 64
address sizes	: 36 bits physical, 48 bits virtual
power management:

processor	: 4
vendor_id	: GenuineIntel
cpu family	: 6
model		: 58
model name	: Intel(R) Core(TM) i7-3770 CPU @ 3.40GHz
stepping	: 9
microcode	: 0x15
cpu MHz		: 1640.632
cache size	: 8192 KB
physical id	: 0
siblings	: 8
core id		: 0
cpu cores	: 4
apicid		: 1
initial apicid	: 1
fpu		: yes
fpu_exception	: yes
cpuid level	: 13
wp		: yes
flags		: fpu vme de pse tsc msr pae mce cx8 apic sep mtrr pge mca cmov pat pse36 clflush dts acpi mmx fxsr sse sse2 ss ht tm pbe syscall nx rdtscp lm constant_tsc arch_perfmon pebs bts rep_good nopl xtopology nonstop_tsc aperfmperf eagerfpu pni pclmulqdq dtes64 monitor ds_cpl vmx smx est tm2 ssse3 cx16 xtpr pdcm pcid sse4_1 sse4_2 x2apic popcnt tsc_deadline_timer aes xsave avx f16c rdrand lahf_lm ida arat epb xsaveopt pln pts dtherm tpr_shadow vnmi flexpriority ept vpid fsgsbase smep erms
bogomips	: 6809.66
clflush size	: 64
cache_alignment	: 64
address sizes	: 36 bits physical, 48 bits virtual
power management:

processor	: 5
vendor_id	: GenuineIntel
cpu family	: 6
model		: 58
model name	: Intel(R) Core(TM) i7-3770 CPU @ 3.40GHz
stepping	: 9
microcode	: 0x15
cpu MHz		: 1675.828
cache size	: 8192 KB
physical id	: 0
siblings	: 8
core id		: 1
cpu cores	: 4
apicid		: 3
initial apicid	: 3
fpu		: yes
fpu_exception	: yes
cpuid level	: 13
wp		: yes
flags		: fpu vme de pse tsc msr pae mce cx8 apic sep mtrr pge mca cmov pat pse36 clflush dts acpi mmx fxsr sse sse2 ss ht tm pbe syscall nx rdtscp lm constant_tsc arch_perfmon pebs bts rep_good nopl xtopology nonstop_tsc aperfmperf eagerfpu pni pclmulqdq dtes64 monitor ds_cpl vmx smx est tm2 ssse3 cx16 xtpr pdcm pcid sse4_1 sse4_2 x2apic popcnt tsc_deadline_timer aes xsave avx f16c rdrand lahf_lm ida arat epb xsaveopt pln pts dtherm tpr_shadow vnmi flexpriority ept vpid fsgsbase smep erms
bogomips	: 6809.66
clflush size	: 64
cache_alignment	: 64
address sizes	: 36 bits physical, 48 bits virtual
power management:

processor	: 6
vendor_id	: GenuineIntel
cpu family	: 6
model		: 58
model name	: Intel(R) Core(TM) i7-3770 CPU @ 3.40GHz
stepping	: 9
microcode	: 0x15
cpu MHz		: 1711.156
cache size	: 8192 KB
physical id	: 0
siblings	: 8
core id		: 2
cpu cores	: 4
apicid		: 5
initial apicid	: 5
fpu		: yes
fpu_exception	: yes
cpuid level	: 13
wp		: yes
flags		: fpu vme de pse tsc msr pae mce cx8 apic sep mtrr pge mca cmov pat pse36 clflush dts acpi mmx fxsr sse sse2 ss ht tm pbe syscall nx rdtscp lm constant_tsc arch_perfmon pebs bts rep_good nopl xtopology nonstop_tsc aperfmperf eagerfpu pni pclmulqdq dtes64 monitor ds_cpl vmx smx est tm2 ssse3 cx16 xtpr pdcm pcid sse4_1 sse4_2 x2apic popcnt tsc_deadline_timer aes xsave avx f16c rdrand lahf_lm ida arat epb xsaveopt pln pts dtherm tpr_shadow vnmi flexpriority ept vpid fsgsbase smep erms
bogomips	: 6809.66
clflush size	: 64
cache_alignment	: 64
address sizes	: 36 bits physical, 48 bits virtual
power management:

processor	: 7
vendor_id	: GenuineIntel
cpu family	: 6
model		: 58
model name	: Intel(R) Core(TM) i7-3770 CPU @ 3.40GHz
stepping	: 9
microcode	: 0x15
cpu MHz		: 1676.093
cache size	: 8192 KB
physical id	: 0
siblings	: 8
core id		: 3
cpu cores	: 4
apicid		: 7
initial apicid	: 7
fpu		: yes
fpu_exception	: yes
cpuid level	: 13
wp		: yes
flags		: fpu vme de pse tsc msr pae mce cx8 apic sep mtrr pge mca cmov pat pse36 clflush dts acpi mmx fxsr sse sse2 ss ht tm pbe syscall nx rdtscp lm constant_tsc arch_perfmon pebs bts rep_good nopl xtopology nonstop_tsc aperfmperf eagerfpu pni pclmulqdq dtes64 monitor ds_cpl vmx smx est tm2 ssse3 cx16 xtpr pdcm pcid sse4_1 sse4_2 x2apic popcnt tsc_deadline_timer aes xsave avx f16c rdrand lahf_lm ida arat epb xsaveopt pln pts dtherm tpr_shadow vnmi flexpriority ept vpid fsgsbase smep erms
bogomips	: 6809.66
clflush size	: 64
cache_alignment	: 64
address sizes	: 36 bits physical, 48 bits virtual
power management:



Memory: 4k page, physical 8140100k(115800k free), swap 0k(0k free)

vm_info: OpenJDK 64-Bit Server VM (24.65-b04) for linux-amd64 JRE (1.7.0_65-b32), built on Sep 15 2014 19:56:21 by "nobody" with gcc 4.9.1

time: Sat Jan 31 21:16:57 2015
elapsed time: 12 seconds

